<?xml version="1.0" encoding="UTF-8"?>
<testng-results skipped="0" failed="0" ignored="0" total="1" passed="1">
  <reporter-output>
  </reporter-output>
  <suite name="Suite1" duration-ms="4131" started-at="2017-03-17T13:30:22Z" finished-at="2017-03-17T13:30:26Z">
    <groups>
    </groups>
    <test name="Test1" duration-ms="4131" started-at="2017-03-17T13:30:22Z" finished-at="2017-03-17T13:30:26Z">
      <class name="epam.com.GoogleSearchTest">
        <test-method status="PASS" signature="setUp()[pri:0, instance:epam.com.GoogleSearchTest@5cbc508c]" name="setUp" is-config="true" duration-ms="1841" started-at="2017-03-17T16:30:22Z" description="Init browser" finished-at="2017-03-17T16:30:24Z">
          <reporter-output>
          </reporter-output>
        </test-method> <!-- setUp -->
        <test-method status="PASS" signature="isOpen()[pri:0, instance:epam.com.GoogleSearchTest@5cbc508c]" name="isOpen" duration-ms="2200" started-at="2017-03-17T16:30:24Z" finished-at="2017-03-17T16:30:26Z">
          <reporter-output>
          </reporter-output>
        </test-method> <!-- isOpen -->
        <test-method status="PASS" signature="stopBrowser()[pri:0, instance:epam.com.GoogleSearchTest@5cbc508c]" name="stopBrowser" is-config="true" duration-ms="74" started-at="2017-03-17T16:30:26Z" description="Stop Browser" finished-at="2017-03-17T16:30:26Z">
          <reporter-output>
          </reporter-output>
        </test-method> <!-- stopBrowser -->
      </class> <!-- epam.com.GoogleSearchTest -->
    </test> <!-- Test1 -->
  </suite> <!-- Suite1 -->
</testng-results>
